c:\users\riazm\source\repos\dsa-lab-project\mazerunner\x64\debug\vc143.pdb
c:\users\riazm\source\repos\dsa-lab-project\mazerunner\x64\debug\vc143.idb
c:\users\riazm\source\repos\dsa-lab-project\mazerunner\x64\debug\randomalgorithmselector.obj
c:\users\riazm\source\repos\dsa-lab-project\mazerunner\x64\debug\mazegame.obj
c:\users\riazm\source\repos\dsa-lab-project\mazerunner\x64\debug\main.obj
c:\users\riazm\source\repos\dsa-lab-project\mazerunner\x64\debug\algorithms.obj
c:\users\riazm\source\repos\dsa-lab-project\mazerunner\x64\debug\util.obj
c:\users\riazm\source\repos\dsa-lab-project\mazerunner\x64\debug\grid.obj
c:\users\riazm\source\repos\dsa-lab-project\mazerunner\x64\debug\cell.obj
c:\users\riazm\source\repos\dsa-lab-project\x64\debug\mazerunner.exe
c:\users\riazm\source\repos\dsa-lab-project\x64\debug\mazerunner.pdb
c:\users\riazm\source\repos\dsa-lab-project\mazerunner\x64\debug\mazerunner.ilk
c:\users\riazm\source\repos\dsa-lab-project\mazerunner\x64\debug\accountdetailsscreen.obj
c:\users\riazm\source\repos\dsa-lab-project\mazerunner\x64\debug\careermode.obj
c:\users\riazm\source\repos\dsa-lab-project\mazerunner\x64\debug\conversion.obj
c:\users\riazm\source\repos\dsa-lab-project\mazerunner\x64\debug\databaseconnection.obj
c:\users\riazm\source\repos\dsa-lab-project\mazerunner\x64\debug\mainmenu.obj
c:\users\riazm\source\repos\dsa-lab-project\mazerunner\x64\debug\mazelevel.obj
c:\users\riazm\source\repos\dsa-lab-project\mazerunner\x64\debug\playmenu.obj
c:\users\riazm\source\repos\dsa-lab-project\mazerunner\x64\debug\skinsmenu.obj
c:\users\riazm\source\repos\dsa-lab-project\mazerunner\x64\debug\user.obj
c:\users\riazm\source\repos\dsa-lab-project\mazerunner\x64\debug\mazerunner.tlog\cl.command.1.tlog
c:\users\riazm\source\repos\dsa-lab-project\mazerunner\x64\debug\mazerunner.tlog\cl.items.tlog
c:\users\riazm\source\repos\dsa-lab-project\mazerunner\x64\debug\mazerunner.tlog\cl.read.1.tlog
c:\users\riazm\source\repos\dsa-lab-project\mazerunner\x64\debug\mazerunner.tlog\cl.write.1.tlog
c:\users\riazm\source\repos\dsa-lab-project\mazerunner\x64\debug\mazerunner.tlog\link.command.1.tlog
c:\users\riazm\source\repos\dsa-lab-project\mazerunner\x64\debug\mazerunner.tlog\link.read.1.tlog
c:\users\riazm\source\repos\dsa-lab-project\mazerunner\x64\debug\mazerunner.tlog\link.secondary.1.tlog
c:\users\riazm\source\repos\dsa-lab-project\mazerunner\x64\debug\mazerunner.tlog\link.write.1.tlog
